#
# There is insufficient memory for the Java Runtime Environment to continue.
# Native memory allocation (mmap) failed to map 134217728 bytes for G1 virtual space
# Possible reasons:
#   The system is out of physical RAM or swap space
#   The process is running with CompressedOops enabled, and the Java Heap may be blocking the growth of the native heap
# Possible solutions:
#   Reduce memory load on the system
#   Increase physical memory or swap space
#   Check if swap backing store is full
#   Decrease Java heap size (-Xmx/-Xms)
#   Decrease number of Java threads
#   Decrease Java thread stack sizes (-Xss)
#   Set larger code cache with -XX:ReservedCodeCacheSize=
#   JVM is running with Unscaled Compressed Oops mode in which the Java heap is
#     placed in the first 4GB address space. The Java Heap base address is the
#     maximum limit for the native heap growth. Please use -XX:HeapBaseMinAddress
#     to set the Java Heap base and to place the Java Heap above 4GB virtual address.
# This output file may be truncated or incomplete.
#
#  Out of Memory Error (os_windows.cpp:3747), pid=22296, tid=18200
#
# JRE version:  (17.0.3+7) (build )
# Java VM: OpenJDK 64-Bit Server VM (17.0.3+7-b469.32, mixed mode, sharing, tiered, compressed oops, compressed class ptrs, g1 gc, windows-amd64)
# No core dump will be written. Minidumps are not enabled by default on client versions of Windows
#

---------------  S U M M A R Y ------------

Command Line: -Djava.rmi.server.hostname=127.0.0.1 -Duser.timezone=UTC -Xmx750m -Xms128m -XX:+IgnoreUnrecognizedVMOptions --add-opens=jdk.unsupported/sun.misc=ALL-UNNAMED --add-opens=java.base/java.nio=ALL-UNNAMED -Dfile.encoding=UTF-8 com.intellij.database.remote.RemoteJdbcServer com.dbschema.MongoJdbcDriver

Host: AMD Ryzen 7 4800H with Radeon Graphics         , 16 cores, 15G,  Windows 11 , 64 bit Build 22000 (10.0.22000.708)
Time: Sat Oct 15 20:48:17 2022  Windows 11 , 64 bit Build 22000 (10.0.22000.708) elapsed time: 0.025711 seconds (0d 0h 0m 0s)

---------------  T H R E A D  ---------------

Current thread (0x000001f208685550):  JavaThread "Unknown thread" [_thread_in_vm, id=18200, stack(0x0000004610900000,0x0000004610a00000)]

Stack: [0x0000004610900000,0x0000004610a00000]
Native frames: (J=compiled Java code, j=interpreted, Vv=VM code, C=native code)
V  [jvm.dll+0x681f8a]
V  [jvm.dll+0x83e374]
V  [jvm.dll+0x83fb1e]
V  [jvm.dll+0x840183]
V  [jvm.dll+0x2492a5]
V  [jvm.dll+0x67ee59]
V  [jvm.dll+0x67355a]
V  [jvm.dll+0x308fab]
V  [jvm.dll+0x310466]
V  [jvm.dll+0x3601de]
V  [jvm.dll+0x36040f]
V  [jvm.dll+0x2df098]
V  [jvm.dll+0x2e0004]
V  [jvm.dll+0x80fc61]
V  [jvm.dll+0x36df61]
V  [jvm.dll+0x7ef17c]
V  [jvm.dll+0x3f10ef]
V  [jvm.dll+0x3f2c31]
C  [jli.dll+0x526b]
C  [ucrtbase.dll+0x26c0c]
C  [KERNEL32.DLL+0x154e0]
C  [ntdll.dll+0x485b]


---------------  P R O C E S S  ---------------

Threads class SMR info:
_java_thread_list=0x00007ff9cc4e6f18, length=0, elements={
}

Java Threads: ( => current thread )

Other Threads:
  0x000001f2086bd7d0 GCTaskThread "GC Thread#0" [stack: 0x0000004610a00000,0x0000004610b00000] [id=24160]
  0x000001f2086c4540 ConcurrentGCThread "G1 Main Marker" [stack: 0x0000004610b00000,0x0000004610c00000] [id=8700]
  0x000001f2086c6d20 ConcurrentGCThread "G1 Conc#0" [stack: 0x0000004610c00000,0x0000004610d00000] [id=22356]

[error occurred during error reporting (printing all threads), id 0xc0000005, EXCEPTION_ACCESS_VIOLATION (0xc0000005) at pc=0x00007ff9cbc9fc57]

VM state: not at safepoint (not fully initialized)

VM Mutex/Monitor currently owned by a thread:  ([mutex/lock_event])
[0x000001f2086813f0] Heap_lock - owner thread: 0x000001f208685550

Heap address: 0x00000000d1200000, size: 750 MB, Compressed Oops mode: 32-bit

CDS archive(s) mapped at: [0x0000000000000000-0x0000000000000000-0x0000000000000000), size 0, SharedBaseAddress: 0x0000000800000000, ArchiveRelocationMode: 0.
Narrow klass base: 0x0000000000000000, Narrow klass shift: 0, Narrow klass range: 0x0

GC Precious Log:
<Empty>

Heap:
 garbage-first heap   total 0K, used 0K [0x00000000d1200000, 0x0000000100000000)
  region size 1024K, 0 young (0K), 0 survivors (0K)

[error occurred during error reporting (printing heap information), id 0xc0000005, EXCEPTION_ACCESS_VIOLATION (0xc0000005) at pc=0x00007ff9cc08bbd9]

GC Heap History (0 events):
No events

Deoptimization events (0 events):
No events

Classes unloaded (0 events):
No events

Classes redefined (0 events):
No events

Internal exceptions (0 events):
No events

VM Operations (0 events):
No events

Events (1 events):
Event: 0.013 Loaded shared library C:\Program Files\JetBrains\IntelliJ IDEA 2022.2\jbr\bin\java.dll


Dynamic libraries:
0x00007ff65f330000 - 0x00007ff65f33a000 	C:\Program Files\JetBrains\IntelliJ IDEA 2022.2\jbr\bin\java.exe
0x00007ffa323c0000 - 0x00007ffa325c9000 	C:\WINDOWS\SYSTEM32\ntdll.dll
0x00007ffa31580000 - 0x00007ffa3163d000 	C:\WINDOWS\System32\KERNEL32.DLL
0x00007ffa2fc90000 - 0x00007ffa3000b000 	C:\WINDOWS\System32\KERNELBASE.dll
0x00007ffa2fa20000 - 0x00007ffa2fb31000 	C:\WINDOWS\System32\ucrtbase.dll
0x00007ffa285d0000 - 0x00007ffa285eb000 	C:\Program Files\JetBrains\IntelliJ IDEA 2022.2\jbr\bin\VCRUNTIME140.dll
0x00007ffa24500000 - 0x00007ffa24517000 	C:\Program Files\JetBrains\IntelliJ IDEA 2022.2\jbr\bin\jli.dll
0x00007ffa31360000 - 0x00007ffa3150d000 	C:\WINDOWS\System32\USER32.dll
0x00007ffa2fc60000 - 0x00007ffa2fc86000 	C:\WINDOWS\System32\win32u.dll
0x00007ffa32330000 - 0x00007ffa32359000 	C:\WINDOWS\System32\GDI32.dll
0x00007ffa2fb40000 - 0x00007ffa2fc58000 	C:\WINDOWS\System32\gdi32full.dll
0x00007ffa1a350000 - 0x00007ffa1a5f5000 	C:\WINDOWS\WinSxS\amd64_microsoft.windows.common-controls_6595b64144ccf1df_6.0.22000.120_none_9d947278b86cc467\COMCTL32.dll
0x00007ffa2f980000 - 0x00007ffa2fa1d000 	C:\WINDOWS\System32\msvcp_win.dll
0x00007ffa30250000 - 0x00007ffa302f3000 	C:\WINDOWS\System32\msvcrt.dll
0x00007ffa31070000 - 0x00007ffa310a1000 	C:\WINDOWS\System32\IMM32.DLL
0x00007ffa299d0000 - 0x00007ffa299dc000 	C:\Program Files\JetBrains\IntelliJ IDEA 2022.2\jbr\bin\vcruntime140_1.dll
0x00007ffa04010000 - 0x00007ffa0409d000 	C:\Program Files\JetBrains\IntelliJ IDEA 2022.2\jbr\bin\msvcp140.dll
0x00007ff9cb9b0000 - 0x00007ff9cc618000 	C:\Program Files\JetBrains\IntelliJ IDEA 2022.2\jbr\bin\server\jvm.dll
0x00007ffa31120000 - 0x00007ffa311ce000 	C:\WINDOWS\System32\ADVAPI32.dll
0x00007ffa32070000 - 0x00007ffa3210e000 	C:\WINDOWS\System32\sechost.dll
0x00007ffa31e60000 - 0x00007ffa31f80000 	C:\WINDOWS\System32\RPCRT4.dll
0x00007ffa31570000 - 0x00007ffa31578000 	C:\WINDOWS\System32\PSAPI.DLL
0x00007ffa2d940000 - 0x00007ffa2d973000 	C:\WINDOWS\SYSTEM32\WINMM.dll
0x00007ffa26ee0000 - 0x00007ffa26eea000 	C:\WINDOWS\SYSTEM32\VERSION.dll
0x00007ff9fc070000 - 0x00007ff9fc079000 	C:\WINDOWS\SYSTEM32\WSOCK32.dll
0x00007ffa31290000 - 0x00007ffa312ff000 	C:\WINDOWS\System32\WS2_32.dll
0x00007ffa2ea00000 - 0x00007ffa2ea18000 	C:\WINDOWS\SYSTEM32\kernel.appcore.dll
0x00007ffa2bd90000 - 0x00007ffa2bd9a000 	C:\Program Files\JetBrains\IntelliJ IDEA 2022.2\jbr\bin\jimage.dll
0x00007ffa2d020000 - 0x00007ffa2d241000 	C:\WINDOWS\SYSTEM32\DBGHELP.DLL
0x00007ffa2d8e0000 - 0x00007ffa2d911000 	C:\WINDOWS\SYSTEM32\dbgcore.DLL
0x00007ffa2f890000 - 0x00007ffa2f90f000 	C:\WINDOWS\System32\bcryptPrimitives.dll
0x00007ffa24690000 - 0x00007ffa246b5000 	C:\Program Files\JetBrains\IntelliJ IDEA 2022.2\jbr\bin\java.dll

dbghelp: loaded successfully - version: 4.0.5 - missing functions: none
symbol engine: initialized successfully - sym options: 0x614 - pdb path: .;C:\Program Files\JetBrains\IntelliJ IDEA 2022.2\jbr\bin;C:\WINDOWS\SYSTEM32;C:\WINDOWS\WinSxS\amd64_microsoft.windows.common-controls_6595b64144ccf1df_6.0.22000.120_none_9d947278b86cc467;C:\Program Files\JetBrains\IntelliJ IDEA 2022.2\jbr\bin\server

VM Arguments:
jvm_args: -Djava.rmi.server.hostname=127.0.0.1 -Duser.timezone=UTC -Xmx750m -Xms128m -XX:+IgnoreUnrecognizedVMOptions --add-opens=jdk.unsupported/sun.misc=ALL-UNNAMED --add-opens=java.base/java.nio=ALL-UNNAMED -Dfile.encoding=UTF-8 
java_command: com.intellij.database.remote.RemoteJdbcServer com.dbschema.MongoJdbcDriver
java_class_path (initial): C:\Program Files\JetBrains\IntelliJ IDEA 2022.2\lib\util_rt.jar;C:\Program Files\JetBrains\IntelliJ IDEA 2022.2\lib\util.jar;C:\Program Files\JetBrains\IntelliJ IDEA 2022.2\lib\groovy.jar;C:\Program Files\JetBrains\IntelliJ IDEA 2022.2\plugins\DatabaseTools\lib\jdbc-console.jar;C:\Users\27639\AppData\Roaming\JetBrains\IntelliJIdea2022.2\jdbc-drivers\MongoDB\1.15\mongo-jdbc-standalone-1.15.jar
Launcher Type: SUN_STANDARD

[Global flags]
     intx CICompilerCount                          = 12                                        {product} {ergonomic}
     uint ConcGCThreads                            = 3                                         {product} {ergonomic}
     uint G1ConcRefinementThreads                  = 13                                        {product} {ergonomic}
   size_t G1HeapRegionSize                         = 1048576                                   {product} {ergonomic}
    uintx GCDrainStackTargetSize                   = 64                                        {product} {ergonomic}
     bool IgnoreUnrecognizedVMOptions              = true                                      {product} {command line}
   size_t InitialHeapSize                          = 134217728                                 {product} {command line}
   size_t MarkStackSize                            = 4194304                                   {product} {ergonomic}
   size_t MaxHeapSize                              = 786432000                                 {product} {command line}
   size_t MinHeapDeltaBytes                        = 1048576                                   {product} {ergonomic}
   size_t MinHeapSize                              = 134217728                                 {product} {command line}
    uintx NonNMethodCodeHeapSize                   = 7602480                                {pd product} {ergonomic}
    uintx NonProfiledCodeHeapSize                  = 122027880                              {pd product} {ergonomic}
    uintx ProfiledCodeHeapSize                     = 122027880                              {pd product} {ergonomic}
    uintx ReservedCodeCacheSize                    = 251658240                              {pd product} {ergonomic}
     bool SegmentedCodeCache                       = true                                      {product} {ergonomic}
   size_t SoftMaxHeapSize                          = 786432000                              {manageable} {ergonomic}
     bool UseCompressedClassPointers               = true                           {product lp64_product} {ergonomic}
     bool UseCompressedOops                        = true                           {product lp64_product} {ergonomic}
     bool UseG1GC                                  = true                                      {product} {ergonomic}
     bool UseLargePagesIndividualAllocation        = false                                  {pd product} {ergonomic}

Logging:
Log output configuration:
 #0: stdout all=warning uptime,level,tags
 #1: stderr all=off uptime,level,tags

Environment Variables:
JAVA_HOME=D:\software\jdk-17.0.4.1
PATH=C:\Windows\system32;C:\Windows;C:\Windows\System32\Wbem;C:\Windows\System32\WindowsPowerShell\v1.0\;C:\Windows\System32\OpenSSH\;C:\Program Files (x86)\NVIDIA Corporation\PhysX\Common;C:\Program Files\NVIDIA Corporation\NVIDIA NvDLISR;D:\微信web开发者工具\dll;C:\Use;s\27639\AppData\Local\Programs\Python\Python310\Scripts;C:\WINDOWS\system32;C:\WINDOWS;C:\WINDOWS\System32\Wbem;C:\WINDOWS\System32\WindowsPowerShell\v1.0\;C:\WINDOWS\System32\OpenSSH\;C:\Program Files\MySQL\MySQL Server 8.0\bin;D:\software\jdk-17.0.4.1\bin;D:\software\apache-tomcat-9.0.65\bin;D:\software\apache-maven-3.8.1\bin;C:\Program Files (x86)\EasyShare\x86\;C:\Program Files (x86)\EasyShare\x64\;D:\software\Git\cmd;D:\software\Node.js\;C:\Users\27639\AppData\Local\Microsoft\WindowsApps;D:\Microsoft VS Code\bin;C:\Users\27639;C:\Users\27639\dist;C:\Users\27639\AppData\Local\Pandoc\;D:\software\apache-tomcat-9.0.65\bin;C:\Program Files\JetBrains\IntelliJ IDEA 2022.2\bin;C:\Program Files\JetBrains\CLion 2022.2.1\bin;C:\Users\27639\AppData\Roaming\npm;C:\Program Files\JetBrains\WebStorm 2022.2.1\bin;C:\Users\27639\AppData\Local\JetBrains\Toolbox\scripts;
USERNAME=27639
OS=Windows_NT
PROCESSOR_IDENTIFIER=AMD64 Family 23 Model 96 Stepping 1, AuthenticAMD



---------------  S Y S T E M  ---------------

OS:
 Windows 11 , 64 bit Build 22000 (10.0.22000.708)
OS uptime: 1 days 12:28 hours

CPU: total 16 (initial active 16) (16 cores per cpu, 2 threads per core) family 23 model 96 stepping 1 microcode 0x0, cx8, cmov, fxsr, ht, mmx, 3dnowpref, sse, sse2, sse3, ssse3, sse4a, sse4.1, sse4.2, popcnt, lzcnt, tsc, tscinvbit, avx, avx2, aes, clmul, bmi1, bmi2, adx, sha, fma, vzeroupper, clflush, clflushopt

Memory: 4k page, system-wide physical 15742M (679M free)
TotalPageFile size 25742M (AvailPageFile size 5M)
current process WorkingSet (physical memory assigned to process): 11M, peak: 11M
current process commit charge ("private bytes"): 69M, peak: 197M

vm_info: OpenJDK 64-Bit Server VM (17.0.3+7-b469.32) for windows-amd64 JRE (17.0.3+7-b469.32), built on 2022-07-19 by "builduser" with MS VC++ 16.10 / 16.11 (VS2019)

END.
